<?xml version="1.0" encoding="UTF-8"?>
<robot generator="Robot 6.1.1 (Python 3.11.4 on win32)" generated="20230901 14:17:37.198" rpa="false" schemaversion="4">
<suite id="s1" name="A" source="C:\Users\Chandan KO-2979\PycharmProjects\POM\a.robot">
<test id="s1-t1" name="a" line="5">
<kw name="Open Browser" library="SeleniumLibrary">
<arg>${registration_url}</arg>
<arg>chrome</arg>
<doc>Opens a new browser instance to the optional ``url``.</doc>
<msg timestamp="20230901 14:17:37.448" level="INFO">Opening browser 'chrome' to base url 'https://codenboxautomationlab.com/registration-form/'.</msg>
<status status="PASS" starttime="20230901 14:17:37.448" endtime="20230901 14:17:43.286"/>
</kw>
<kw name="Maximize Browser Window" library="SeleniumLibrary">
<doc>Maximizes current browser window.</doc>
<status status="PASS" starttime="20230901 14:17:43.287" endtime="20230901 14:17:43.406"/>
</kw>
<status status="PASS" starttime="20230901 14:17:37.447" endtime="20230901 14:17:43.406"/>
</test>
<status status="PASS" starttime="20230901 14:17:37.200" endtime="20230901 14:17:43.407"/>
</suite>
<statistics>
<total>
<stat pass="1" fail="0" skip="0">All Tests</stat>
</total>
<tag>
</tag>
<suite>
<stat pass="1" fail="0" skip="0" id="s1" name="A">A</stat>
</suite>
</statistics>
<errors>
</errors>
</robot>
