<?xml version="1.0" encoding="UTF-8"?>
<robot generator="Robot 6.1.1 (Python 3.11.4 on win32)" generated="20230905 13:16:28.341" rpa="false" schemaversion="4">
<suite id="s1" name="Suites">
<suite id="s1-s1" name="Registration Page1" source="C:\Users\Chandan KO-2979\PycharmProjects\POM\Framework\TestCycles\module1\registration_page1.robot">
<test id="s1-s1-t1" name="Testcase_1" line="10">
<kw name="Automating ui page_r1" library="Ui_keywords">
<kw name="open browser and maximize" library="Ui_keywords">
<arg>${registration_url_r1}</arg>
<kw name="Open Browser" library="SeleniumLibrary">
<arg>${url}</arg>
<arg>chrome</arg>
<doc>Opens a new browser instance to the optional ``url``.</doc>
<msg timestamp="20230905 13:16:28.594" level="INFO">Opening browser 'chrome' to base url 'https://qa-automation-practice.netlify.app/register'.</msg>
<status status="PASS" starttime="20230905 13:16:28.593" endtime="20230905 13:16:31.005"/>
</kw>
<kw name="Maximize Browser Window" library="SeleniumLibrary">
<doc>Maximizes current browser window.</doc>
<status status="PASS" starttime="20230905 13:16:31.005" endtime="20230905 13:16:31.127"/>
</kw>
<status status="PASS" starttime="20230905 13:16:28.593" endtime="20230905 13:16:31.128"/>
</kw>
<kw name="Set Selenium Implicit Wait" library="SeleniumLibrary">
<arg>17</arg>
<doc>Sets the implicit wait value used by Selenium.</doc>
<status status="PASS" starttime="20230905 13:16:31.128" endtime="20230905 13:16:31.132"/>
</kw>
<status status="PASS" starttime="20230905 13:16:28.592" endtime="20230905 13:16:31.132"/>
</kw>
<status status="PASS" starttime="20230905 13:16:28.592" endtime="20230905 13:16:31.132"/>
</test>
<test id="s1-s1-t2" name="Testcase2_" line="12">
<kw name="Enter the firstname and lastname_r1" library="Ui_keywords">
<kw name="Input Text" library="SeleniumLibrary">
<arg>${Firstname_r1}</arg>
<arg>${Fname}</arg>
<doc>Types the given ``text`` into the text field identified by ``locator``.</doc>
<msg timestamp="20230905 13:16:31.139" level="INFO">Typing text 'chandan' into text field '//input[@id="firstName"]'.</msg>
<status status="PASS" starttime="20230905 13:16:31.137" endtime="20230905 13:16:31.267"/>
</kw>
<kw name="Input Text" library="SeleniumLibrary">
<arg>${lastname_r1}</arg>
<arg>${Lname}</arg>
<doc>Types the given ``text`` into the text field identified by ``locator``.</doc>
<msg timestamp="20230905 13:16:31.267" level="INFO">Typing text 'K O' into text field '//input[@id="lastName"]'.</msg>
<status status="PASS" starttime="20230905 13:16:31.267" endtime="20230905 13:16:31.341"/>
</kw>
<status status="PASS" starttime="20230905 13:16:31.136" endtime="20230905 13:16:31.341"/>
</kw>
<status status="PASS" starttime="20230905 13:16:31.133" endtime="20230905 13:16:31.341"/>
</test>
<test id="s1-s1-t3" name="Testcase_3" line="14">
<kw name="Enter the contact number_r1" library="Ui_keywords">
<kw name="Input Text" library="SeleniumLibrary">
<arg>${phone_r1}</arg>
<arg>${phone}</arg>
<doc>Types the given ``text`` into the text field identified by ``locator``.</doc>
<msg timestamp="20230905 13:16:31.343" level="INFO">Typing text '9900882528' into text field '//input[@id="phone"]'.</msg>
<status status="PASS" starttime="20230905 13:16:31.342" endtime="20230905 13:16:31.423"/>
</kw>
<status status="PASS" starttime="20230905 13:16:31.342" endtime="20230905 13:16:31.423"/>
</kw>
<status status="PASS" starttime="20230905 13:16:31.341" endtime="20230905 13:16:31.423"/>
</test>
<test id="s1-s1-t4" name="Testcase_4" line="16">
<kw name="select country" library="Ui_keywords">
<kw name="Select From List By Value" library="SeleniumLibrary">
<arg>${countryID_r1}</arg>
<arg>${countryVAL_r1}</arg>
<doc>Selects options from selection list ``locator`` by ``values``.</doc>
<msg timestamp="20230905 13:16:31.425" level="INFO">Selecting options from selection list 'countries_dropdown_menu' by value South Africa.</msg>
<status status="PASS" starttime="20230905 13:16:31.424" endtime="20230905 13:16:31.492"/>
</kw>
<status status="PASS" starttime="20230905 13:16:31.424" endtime="20230905 13:16:31.492"/>
</kw>
<status status="PASS" starttime="20230905 13:16:31.423" endtime="20230905 13:16:31.492"/>
</test>
<test id="s1-s1-t5" name="Testcase_5" line="18">
<kw name="Enter the email_r1" library="Ui_keywords">
<kw name="Input Text" library="SeleniumLibrary">
<arg>${email_r1}</arg>
<arg>${email}</arg>
<doc>Types the given ``text`` into the text field identified by ``locator``.</doc>
<msg timestamp="20230905 13:16:31.494" level="INFO">Typing text 'chandan@gmail.com' into text field '//input[@id="emailAddress"]'.</msg>
<status status="PASS" starttime="20230905 13:16:31.493" endtime="20230905 13:16:31.581"/>
</kw>
<status status="PASS" starttime="20230905 13:16:31.493" endtime="20230905 13:16:31.582"/>
</kw>
<status status="PASS" starttime="20230905 13:16:31.492" endtime="20230905 13:16:31.582"/>
</test>
<test id="s1-s1-t6" name="Testcase_6" line="20">
<kw name="enter password_r1" library="Ui_keywords">
<kw name="Input Text" library="SeleniumLibrary">
<arg>${password_r1}</arg>
<arg>${pass}</arg>
<doc>Types the given ``text`` into the text field identified by ``locator``.</doc>
<msg timestamp="20230905 13:16:31.583" level="INFO">Typing text 'chandan17' into text field '//input[@id="password"]'.</msg>
<status status="PASS" starttime="20230905 13:16:31.583" endtime="20230905 13:16:31.653"/>
</kw>
<status status="PASS" starttime="20230905 13:16:31.582" endtime="20230905 13:16:31.654"/>
</kw>
<status status="PASS" starttime="20230905 13:16:31.582" endtime="20230905 13:16:31.654"/>
</test>
<test id="s1-s1-t7" name="Testcase_7" line="22">
<kw name="click checkbox_r1" library="Ui_keywords">
<kw name="Click Element" library="SeleniumLibrary">
<arg>${agree_checkbx_r1}</arg>
<doc>Click the element identified by ``locator``.</doc>
<msg timestamp="20230905 13:16:31.655" level="INFO">Clicking element '//input[@type="checkbox"]'.</msg>
<status status="PASS" starttime="20230905 13:16:31.655" endtime="20230905 13:16:31.702"/>
</kw>
<status status="PASS" starttime="20230905 13:16:31.654" endtime="20230905 13:16:31.702"/>
</kw>
<status status="PASS" starttime="20230905 13:16:31.654" endtime="20230905 13:16:31.702"/>
</test>
<test id="s1-s1-t8" name="Testcase_8" line="24">
<kw name="Register" library="Ui_keywords">
<kw name="Click Element" library="SeleniumLibrary">
<arg>${register_r1}</arg>
<doc>Click the element identified by ``locator``.</doc>
<msg timestamp="20230905 13:16:31.704" level="INFO">Clicking element '//button[@id="registerBtn"]'.</msg>
<status status="PASS" starttime="20230905 13:16:31.703" endtime="20230905 13:16:31.751"/>
</kw>
<status status="PASS" starttime="20230905 13:16:31.703" endtime="20230905 13:16:31.751"/>
</kw>
<kw name="close all browser" library="Ui_keywords">
<kw name="Close All Browsers" library="SeleniumLibrary">
<doc>Closes all open browsers and resets the browser cache.</doc>
<status status="PASS" starttime="20230905 13:16:31.751" endtime="20230905 13:16:37.915"/>
</kw>
<status status="PASS" starttime="20230905 13:16:31.751" endtime="20230905 13:16:37.917"/>
</kw>
<status status="PASS" starttime="20230905 13:16:31.702" endtime="20230905 13:16:37.917"/>
</test>
<doc>Automating register page_1</doc>
<status status="PASS" starttime="20230905 13:16:28.371" endtime="20230905 13:16:37.917"/>
</suite>
<status status="PASS" starttime="20230905 13:16:28.353" endtime="20230905 13:16:37.919"/>
</suite>
<statistics>
<total>
<stat pass="8" fail="0" skip="0">All Tests</stat>
</total>
<tag>
</tag>
<suite>
<stat pass="8" fail="0" skip="0" id="s1" name="Suites">Suites</stat>
<stat pass="8" fail="0" skip="0" id="s1-s1" name="Registration Page1">Suites.Registration Page1</stat>
</suite>
</statistics>
<errors>
</errors>
</robot>
