<?xml version="1.0" encoding="UTF-8"?>
<robot generator="Robot 6.1.1 (Python 3.11.4 on win32)" generated="20230905 13:16:42.692" rpa="false" schemaversion="4">
<suite id="s1" name="Suites">
<suite id="s1-s1" name="Login page2" source="C:\Users\Chandan KO-2979\PycharmProjects\POM\Framework\TestCycles\module2\Login_page2.robot">
<test id="s1-s1-t1" name="Testcase_01" line="7">
<kw name="Automating login page_l2" library="Ui_keywords">
<kw name="open browser and maximize" library="Ui_keywords">
<arg>${loginurl_2}</arg>
<kw name="Open Browser" library="SeleniumLibrary">
<arg>${url}</arg>
<arg>chrome</arg>
<doc>Opens a new browser instance to the optional ``url``.</doc>
<msg timestamp="20230905 13:16:42.925" level="INFO">Opening browser 'chrome' to base url 'https://opensource-demo.orangehrmlive.com/web/index.php/auth/login'.</msg>
<status status="PASS" starttime="20230905 13:16:42.925" endtime="20230905 13:16:49.749"/>
</kw>
<kw name="Maximize Browser Window" library="SeleniumLibrary">
<doc>Maximizes current browser window.</doc>
<status status="PASS" starttime="20230905 13:16:49.749" endtime="20230905 13:16:49.864"/>
</kw>
<status status="PASS" starttime="20230905 13:16:42.924" endtime="20230905 13:16:49.864"/>
</kw>
<kw name="Set Selenium Implicit Wait" library="SeleniumLibrary">
<arg>17</arg>
<doc>Sets the implicit wait value used by Selenium.</doc>
<status status="PASS" starttime="20230905 13:16:49.865" endtime="20230905 13:16:49.866"/>
</kw>
<status status="PASS" starttime="20230905 13:16:42.924" endtime="20230905 13:16:49.866"/>
</kw>
<status status="PASS" starttime="20230905 13:16:42.923" endtime="20230905 13:16:49.868"/>
</test>
<test id="s1-s1-t2" name="Testcase_02" line="9">
<kw name="Enter email and password_l2" library="Ui_keywords">
<kw name="Input Text" library="SeleniumLibrary">
<arg>${email_l2}</arg>
<arg>${username_l2}</arg>
<doc>Types the given ``text`` into the text field identified by ``locator``.</doc>
<msg timestamp="20230905 13:16:49.872" level="INFO">Typing text 'Admin' into text field '//input[@name="username"]'.</msg>
<status status="PASS" starttime="20230905 13:16:49.871" endtime="20230905 13:16:50.403"/>
</kw>
<kw name="Input Text" library="SeleniumLibrary">
<arg>${pass_l2}</arg>
<arg>${password_l2}</arg>
<doc>Types the given ``text`` into the text field identified by ``locator``.</doc>
<msg timestamp="20230905 13:16:50.404" level="INFO">Typing text 'admin123' into text field '//input[@name="password"]'.</msg>
<status status="PASS" starttime="20230905 13:16:50.404" endtime="20230905 13:16:50.485"/>
</kw>
<status status="PASS" starttime="20230905 13:16:49.870" endtime="20230905 13:16:50.485"/>
</kw>
<status status="PASS" starttime="20230905 13:16:49.868" endtime="20230905 13:16:50.486"/>
</test>
<test id="s1-s1-t3" name="Testcase_03" line="11">
<kw name="Submit_l2" library="Ui_keywords">
<kw name="Click Element" library="SeleniumLibrary">
<arg>${submit_l2}</arg>
<doc>Click the element identified by ``locator``.</doc>
<msg timestamp="20230905 13:16:50.488" level="INFO">Clicking element '//button[@type="submit"]'.</msg>
<status status="PASS" starttime="20230905 13:16:50.487" endtime="20230905 13:16:50.534"/>
</kw>
<status status="PASS" starttime="20230905 13:16:50.487" endtime="20230905 13:16:50.534"/>
</kw>
<kw name="close all browser" library="Ui_keywords">
<kw name="Close All Browsers" library="SeleniumLibrary">
<doc>Closes all open browsers and resets the browser cache.</doc>
<status status="PASS" starttime="20230905 13:16:50.535" endtime="20230905 13:16:56.701"/>
</kw>
<status status="PASS" starttime="20230905 13:16:50.534" endtime="20230905 13:16:56.702"/>
</kw>
<status status="PASS" starttime="20230905 13:16:50.486" endtime="20230905 13:16:56.702"/>
</test>
<doc>Automating login page_2</doc>
<status status="PASS" starttime="20230905 13:16:42.720" endtime="20230905 13:16:56.705"/>
</suite>
<status status="PASS" starttime="20230905 13:16:42.703" endtime="20230905 13:16:56.709"/>
</suite>
<statistics>
<total>
<stat pass="3" fail="0" skip="0">All Tests</stat>
</total>
<tag>
</tag>
<suite>
<stat pass="3" fail="0" skip="0" id="s1" name="Suites">Suites</stat>
<stat pass="3" fail="0" skip="0" id="s1-s1" name="Login page2">Suites.Login page2</stat>
</suite>
</statistics>
<errors>
</errors>
</robot>
