<?xml version="1.0" encoding="UTF-8"?>
<robot generator="Robot 6.1.1 (Python 3.11.4 on win32)" generated="20230905 13:03:27.074" rpa="false" schemaversion="4">
<suite id="s1" name="Registration Page2" source="C:\Users\Chandan KO-2979\PycharmProjects\POM\Framework\TestCycles\module1\registration_page2.robot">
<test id="s1-t1" name="Testcase_1" line="7">
<kw name="Automating ui page_r2" library="Ui_keywords">
<kw name="open browser and maximize" library="Ui_keywords">
<arg>${registration_url_r2}</arg>
<kw name="Open Browser" library="SeleniumLibrary">
<arg>${url}</arg>
<arg>chrome</arg>
<doc>Opens a new browser instance to the optional ``url``.</doc>
<msg timestamp="20230905 13:03:27.299" level="INFO">Opening browser 'chrome' to base url 'https://nxtgenaiacademy.com/demo-site/'.</msg>
<status status="PASS" starttime="20230905 13:03:27.299" endtime="20230905 13:03:32.503"/>
</kw>
<kw name="Maximize Browser Window" library="SeleniumLibrary">
<doc>Maximizes current browser window.</doc>
<status status="PASS" starttime="20230905 13:03:32.504" endtime="20230905 13:03:32.632"/>
</kw>
<status status="PASS" starttime="20230905 13:03:27.298" endtime="20230905 13:03:32.632"/>
</kw>
<kw name="Set Selenium Implicit Wait" library="SeleniumLibrary">
<arg>17</arg>
<doc>Sets the implicit wait value used by Selenium.</doc>
<status status="PASS" starttime="20230905 13:03:32.632" endtime="20230905 13:03:32.633"/>
</kw>
<status status="PASS" starttime="20230905 13:03:27.298" endtime="20230905 13:03:32.633"/>
</kw>
<status status="PASS" starttime="20230905 13:03:27.298" endtime="20230905 13:03:32.634"/>
</test>
<test id="s1-t2" name="Testcase_2" line="9">
<kw name="Enter the firstname and lastname_r2" library="Ui_keywords">
<kw name="Input Text" library="SeleniumLibrary">
<arg>${firstname_r2}</arg>
<arg>${Fname}</arg>
<doc>Types the given ``text`` into the text field identified by ``locator``.</doc>
<msg timestamp="20230905 13:03:32.636" level="INFO">Typing text 'chandan' into text field '//input[@id="vfb-5"]'.</msg>
<status status="PASS" starttime="20230905 13:03:32.635" endtime="20230905 13:03:32.753"/>
</kw>
<kw name="Input Text" library="SeleniumLibrary">
<arg>${lastname_r2}</arg>
<arg>${Lname}</arg>
<doc>Types the given ``text`` into the text field identified by ``locator``.</doc>
<msg timestamp="20230905 13:03:32.754" level="INFO">Typing text 'K O' into text field '//input[@id="vfb-7"]'.</msg>
<status status="PASS" starttime="20230905 13:03:32.753" endtime="20230905 13:03:32.842"/>
</kw>
<status status="PASS" starttime="20230905 13:03:32.635" endtime="20230905 13:03:32.842"/>
</kw>
<status status="PASS" starttime="20230905 13:03:32.635" endtime="20230905 13:03:32.843"/>
</test>
<test id="s1-t3" name="Testcase_3" line="11">
<kw name="select address_r2" library="Ui_keywords">
<kw name="Input Text" library="SeleniumLibrary">
<arg>${street_address}</arg>
<arg>${street_ad_val}</arg>
<doc>Types the given ``text`` into the text field identified by ``locator``.</doc>
<msg timestamp="20230905 13:03:32.844" level="INFO">Typing text 'AB' into text field '//input[@id="vfb-13-address"]'.</msg>
<status status="PASS" starttime="20230905 13:03:32.844" endtime="20230905 13:03:32.937"/>
</kw>
<kw name="Input Text" library="SeleniumLibrary">
<arg>${city_r2}</arg>
<arg>${city}</arg>
<doc>Types the given ``text`` into the text field identified by ``locator``.</doc>
<msg timestamp="20230905 13:03:32.937" level="INFO">Typing text 'pretoria' into text field '//input[@id="vfb-13-city"]'.</msg>
<status status="PASS" starttime="20230905 13:03:32.937" endtime="20230905 13:03:33.035"/>
</kw>
<kw name="Input Text" library="SeleniumLibrary">
<arg>${state_r2}</arg>
<arg>${state}</arg>
<doc>Types the given ``text`` into the text field identified by ``locator``.</doc>
<msg timestamp="20230905 13:03:33.036" level="INFO">Typing text 'SA' into text field '//input[@id="vfb-13-state"]'.</msg>
<status status="PASS" starttime="20230905 13:03:33.036" endtime="20230905 13:03:33.127"/>
</kw>
<kw name="Input Text" library="SeleniumLibrary">
<arg>${zip_code_r2}</arg>
<arg>${zipcode_val}</arg>
<doc>Types the given ``text`` into the text field identified by ``locator``.</doc>
<msg timestamp="20230905 13:03:33.127" level="INFO">Typing text '577533' into text field '//input[@id="vfb-13-zip"]'.</msg>
<status status="PASS" starttime="20230905 13:03:33.127" endtime="20230905 13:03:33.221"/>
</kw>
<status status="PASS" starttime="20230905 13:03:32.844" endtime="20230905 13:03:33.221"/>
</kw>
<status status="PASS" starttime="20230905 13:03:32.843" endtime="20230905 13:03:33.222"/>
</test>
<test id="s1-t4" name="Testcase_4" line="13">
<kw name="Enter email and date_r2" library="Ui_keywords">
<kw name="Input Text" library="SeleniumLibrary">
<arg>${email_r2}</arg>
<arg>${email}</arg>
<doc>Types the given ``text`` into the text field identified by ``locator``.</doc>
<msg timestamp="20230905 13:03:33.223" level="INFO">Typing text 'chandan@gmail.com' into text field '//input[@type="email"]'.</msg>
<status status="PASS" starttime="20230905 13:03:33.223" endtime="20230905 13:03:33.328"/>
</kw>
<kw name="Input Text" library="SeleniumLibrary">
<arg>${date_r2}</arg>
<arg>${date}</arg>
<doc>Types the given ``text`` into the text field identified by ``locator``.</doc>
<msg timestamp="20230905 13:03:33.329" level="INFO">Typing text '1/2/2023' into text field '//input[@id="vfb-18"]'.</msg>
<status status="PASS" starttime="20230905 13:03:33.328" endtime="20230905 13:03:33.468"/>
</kw>
<status status="PASS" starttime="20230905 13:03:33.223" endtime="20230905 13:03:33.468"/>
</kw>
<status status="PASS" starttime="20230905 13:03:33.222" endtime="20230905 13:03:33.469"/>
</test>
<test id="s1-t5" name="Testcase_5" line="15">
<kw name="Enter mobile number and select coarse_r2" library="Ui_keywords">
<kw name="Input Text" library="SeleniumLibrary">
<arg>${phone_r2}</arg>
<arg>${phone}</arg>
<doc>Types the given ``text`` into the text field identified by ``locator``.</doc>
<msg timestamp="20230905 13:03:33.471" level="INFO">Typing text '9900882528' into text field '//input[@id="vfb-19"]'.</msg>
<status status="PASS" starttime="20230905 13:03:33.470" endtime="20230905 13:03:33.589"/>
</kw>
<kw name="Select Checkbox" library="SeleniumLibrary">
<arg>${interested_coarse}</arg>
<doc>Selects the checkbox identified by ``locator``.</doc>
<msg timestamp="20230905 13:03:33.589" level="INFO">Selecting checkbox '//input[@id="vfb-20-0"]'.</msg>
<status status="PASS" starttime="20230905 13:03:33.589" endtime="20230905 13:03:33.683"/>
</kw>
<status status="PASS" starttime="20230905 13:03:33.470" endtime="20230905 13:03:33.683"/>
</kw>
<status status="PASS" starttime="20230905 13:03:33.470" endtime="20230905 13:03:33.683"/>
</test>
<test id="s1-t6" name="Testcase_6" line="17">
<kw name="Enter a query_r2" library="Ui_keywords">
<kw name="Input Text" library="SeleniumLibrary">
<arg>${query}</arg>
<arg>Query</arg>
<doc>Types the given ``text`` into the text field identified by ``locator``.</doc>
<msg timestamp="20230905 13:03:33.685" level="INFO">Typing text 'Query' into text field '//textarea[@id="vfb-23"]'.</msg>
<status status="PASS" starttime="20230905 13:03:33.685" endtime="20230905 13:03:33.768"/>
</kw>
<status status="PASS" starttime="20230905 13:03:33.684" endtime="20230905 13:03:33.768"/>
</kw>
<status status="PASS" starttime="20230905 13:03:33.684" endtime="20230905 13:03:33.768"/>
</test>
<test id="s1-t7" name="Testcase_7" line="19">
<kw name="Enter verification code and submit" library="Ui_keywords">
<kw name="Input Text" library="SeleniumLibrary">
<arg>${verification_r2}</arg>
<arg>99</arg>
<doc>Types the given ``text`` into the text field identified by ``locator``.</doc>
<msg timestamp="20230905 13:03:33.770" level="INFO">Typing text '99' into text field '//input[@id="vfb-3"]'.</msg>
<status status="PASS" starttime="20230905 13:03:33.770" endtime="20230905 13:03:33.866"/>
</kw>
<kw name="Click Element" library="SeleniumLibrary">
<arg>${submit_r2}</arg>
<doc>Click the element identified by ``locator``.</doc>
<msg timestamp="20230905 13:03:33.866" level="INFO">Clicking element '//input[@type="submit"]'.</msg>
<status status="PASS" starttime="20230905 13:03:33.866" endtime="20230905 13:03:33.936"/>
</kw>
<status status="PASS" starttime="20230905 13:03:33.770" endtime="20230905 13:03:33.936"/>
</kw>
<kw name="close all browser" library="Ui_keywords">
<kw name="Close All Browsers" library="SeleniumLibrary">
<doc>Closes all open browsers and resets the browser cache.</doc>
<status status="PASS" starttime="20230905 13:03:33.937" endtime="20230905 13:03:40.131"/>
</kw>
<status status="PASS" starttime="20230905 13:03:33.937" endtime="20230905 13:03:40.132"/>
</kw>
<status status="PASS" starttime="20230905 13:03:33.769" endtime="20230905 13:03:40.132"/>
</test>
<doc>Automating register page</doc>
<status status="PASS" starttime="20230905 13:03:27.075" endtime="20230905 13:03:40.134"/>
</suite>
<statistics>
<total>
<stat pass="7" fail="0" skip="0">All Tests</stat>
</total>
<tag>
</tag>
<suite>
<stat pass="7" fail="0" skip="0" id="s1" name="Registration Page2">Registration Page2</stat>
</suite>
</statistics>
<errors>
</errors>
</robot>
